[2025-09-24 18:03:52] === НАЧАЛО ОТПРАВКИ ПРОПУЩЕННЫХ УВЕДОМЛЕНИЙ ===
[2025-09-24 18:04:28] === НАЧАЛО ОТПРАВКИ ПРОПУЩЕННЫХ УВЕДОМЛЕНИЙ ===
[2025-09-24 18:04:41] === НАЧАЛО ОТПРАВКИ ПРОПУЩЕННЫХ УВЕДОМЛЕНИЙ ===
[2025-09-24 18:04:41] Найдено сделок: 3
[2025-09-24 18:04:41] Обрабатываем сделку #577 (статус: EXECUTING)
[2025-09-24 18:04:41]   👤 Водитель: Ирина Рубцова (Telegram ID: 5075976736)
[2025-09-24 18:05:22] === НАЧАЛО ОТПРАВКИ ПРОПУЩЕННЫХ УВЕДОМЛЕНИЙ ===
[2025-09-24 18:05:22] Найдено сделок: 2
[2025-09-24 18:05:22] Обрабатываем сделку #577 (статус: EXECUTING)
[2025-09-24 18:05:22]   ❌ Нет Telegram ID водителя - пропускаем
[2025-09-24 18:05:22] Обрабатываем сделку #595 (статус: EXECUTING)
[2025-09-24 18:05:22]   ❌ Нет Telegram ID водителя - пропускаем
[2025-09-24 18:05:22] === ЗАВЕРШЕНИЕ ОТПРАВКИ ===
[2025-09-24 18:05:22] Успешно отправлено: 0
[2025-09-24 18:05:22] Ошибок: 0
[2025-09-24 18:05:22] Всего обработано: 2
[2025-09-24 18:05:48] === НАЧАЛО ОТПРАВКИ ПРОПУЩЕННЫХ УВЕДОМЛЕНИЙ ===
[2025-09-24 18:05:48] Найдено сделок: 2
[2025-09-24 18:05:48] Обрабатываем сделку #577 (статус: EXECUTING)
[2025-09-24 18:05:49]   👤 Водитель: Ирина Рубцова (Telegram ID: 5075976736)
[2025-09-24 18:05:49]   ✅ Уведомление отправлено в личку
[2025-09-24 18:05:50] Обрабатываем сделку #595 (статус: EXECUTING)
[2025-09-24 18:05:50]   👤 Водитель: Ренат Матджанов (Telegram ID: 1796748823)
[2025-09-24 18:05:50]   ✅ Уведомление отправлено в личку
[2025-09-24 18:05:51] === ЗАВЕРШЕНИЕ ОТПРАВКИ ===
[2025-09-24 18:05:51] Успешно отправлено: 2
[2025-09-24 18:05:51] Ошибок: 0
[2025-09-24 18:05:51] Всего обработано: 2
